0 info it worked if it ends with ok
1 verbose cli [ '/usr/local/bin/node',
1 verbose cli   '/usr/local/bin/npm',
1 verbose cli   'install',
1 verbose cli   'client-session' ]
2 info using npm@4.0.5
3 info using node@v7.4.0
4 silly loadCurrentTree Starting
5 silly install loadCurrentTree
6 silly install readLocalPackageData
7 silly fetchPackageMetaData client-session
8 silly fetchNamedPackageData client-session
9 silly mapToRegistry name client-session
10 silly mapToRegistry using default registry
11 silly mapToRegistry registry https://registry.npmjs.org/
12 silly mapToRegistry data Result {
12 silly mapToRegistry   raw: 'client-session',
12 silly mapToRegistry   scope: null,
12 silly mapToRegistry   escapedName: 'client-session',
12 silly mapToRegistry   name: 'client-session',
12 silly mapToRegistry   rawSpec: '',
12 silly mapToRegistry   spec: 'latest',
12 silly mapToRegistry   type: 'tag' }
13 silly mapToRegistry uri https://registry.npmjs.org/client-session
14 verbose request uri https://registry.npmjs.org/client-session
15 verbose request no auth needed
16 info attempt registry request try #1 at 22:53:51
17 verbose request id 7f5134025a585832
18 verbose etag "582543bb-45ea"
19 verbose lastModified Fri, 11 Nov 2016 4:06:19 GMT
20 http request GET https://registry.npmjs.org/client-session
21 http 304 https://registry.npmjs.org/client-session
22 verbose headers { date: 'Thu, 18 Jan 2018 14:53:46 GMT',
22 verbose headers   via: '1.1 varnish',
22 verbose headers   'cache-control': 'max-age=300',
22 verbose headers   etag: '"582543bb-45ea"',
22 verbose headers   age: '36',
22 verbose headers   connection: 'keep-alive',
22 verbose headers   'x-served-by': 'cache-hnd18731-HND',
22 verbose headers   'x-cache': 'HIT',
22 verbose headers   'x-cache-hits': '1',
22 verbose headers   'x-timer': 'S1516287226.149986,VS0,VE1',
22 verbose headers   vary: 'Accept-Encoding, Accept' }
23 silly get cb [ 304,
23 silly get   { date: 'Thu, 18 Jan 2018 14:53:46 GMT',
23 silly get     via: '1.1 varnish',
23 silly get     'cache-control': 'max-age=300',
23 silly get     etag: '"582543bb-45ea"',
23 silly get     age: '36',
23 silly get     connection: 'keep-alive',
23 silly get     'x-served-by': 'cache-hnd18731-HND',
23 silly get     'x-cache': 'HIT',
23 silly get     'x-cache-hits': '1',
23 silly get     'x-timer': 'S1516287226.149986,VS0,VE1',
23 silly get     vary: 'Accept-Encoding, Accept' } ]
24 verbose etag https://registry.npmjs.org/client-session from cache
25 verbose get saving client-session to /Volumes/Transcend/enforceway/npm_cache/registry.npmjs.org/client-session/.cache.json
26 verbose correctMkdir /Volumes/Transcend/enforceway/npm_cache correctMkdir not in flight; initializing
27 silly install normalizeTree
28 silly loadCurrentTree Finishing
29 silly loadIdealTree Starting
30 silly install loadIdealTree
31 silly cloneCurrentTree Starting
32 silly install cloneCurrentTreeToIdealTree
33 silly cloneCurrentTree Finishing
34 silly loadShrinkwrap Starting
35 silly install loadShrinkwrap
36 silly loadShrinkwrap Finishing
37 silly loadAllDepsIntoIdealTree Starting
38 silly install loadAllDepsIntoIdealTree
39 silly resolveWithNewModule client-session@0.1.7 checking installable status
40 silly cache add args [ 'client-session', null ]
41 verbose cache add spec client-session
42 silly cache add parsed spec Result {
42 silly cache add   raw: 'client-session',
42 silly cache add   scope: null,
42 silly cache add   escapedName: 'client-session',
42 silly cache add   name: 'client-session',
42 silly cache add   rawSpec: '',
42 silly cache add   spec: 'latest',
42 silly cache add   type: 'tag' }
43 silly addNamed client-session@latest
44 verbose addNamed "latest" is being treated as a dist-tag for client-session
45 info addNameTag [ 'client-session', 'latest' ]
46 silly mapToRegistry name client-session
47 silly mapToRegistry using default registry
48 silly mapToRegistry registry https://registry.npmjs.org/
49 silly mapToRegistry data Result {
49 silly mapToRegistry   raw: 'client-session',
49 silly mapToRegistry   scope: null,
49 silly mapToRegistry   escapedName: 'client-session',
49 silly mapToRegistry   name: 'client-session',
49 silly mapToRegistry   rawSpec: '',
49 silly mapToRegistry   spec: 'latest',
49 silly mapToRegistry   type: 'tag' }
50 silly mapToRegistry uri https://registry.npmjs.org/client-session
51 verbose addNameTag registry:https://registry.npmjs.org/client-session not in flight; fetching
52 verbose get https://registry.npmjs.org/client-session not expired, no request
53 silly addNameTag next cb for client-session with tag latest
54 silly addNamed client-session@0.1.7
55 verbose addNamed "0.1.7" is a plain semver version for client-session
56 silly cache afterAdd client-session@0.1.7
57 verbose afterAdd /Volumes/Transcend/enforceway/npm_cache/client-session/0.1.7/package/package.json not in flight; writing
58 verbose correctMkdir /Volumes/Transcend/enforceway/npm_cache correctMkdir not in flight; initializing
59 verbose afterAdd /Volumes/Transcend/enforceway/npm_cache/client-session/0.1.7/package/package.json written
60 silly fetchNamedPackageData cookie
61 silly mapToRegistry name cookie
62 silly mapToRegistry using default registry
63 silly mapToRegistry registry https://registry.npmjs.org/
64 silly mapToRegistry data Result {
64 silly mapToRegistry   raw: 'cookie',
64 silly mapToRegistry   scope: null,
64 silly mapToRegistry   escapedName: 'cookie',
64 silly mapToRegistry   name: 'cookie',
64 silly mapToRegistry   rawSpec: '',
64 silly mapToRegistry   spec: 'latest',
64 silly mapToRegistry   type: 'tag' }
65 silly mapToRegistry uri https://registry.npmjs.org/cookie
66 verbose request uri https://registry.npmjs.org/cookie
67 verbose request no auth needed
68 info attempt registry request try #1 at 22:53:52
69 verbose etag "5a553905-81ae"
70 verbose lastModified Tue, 9 Jan 2018 21:49:57 GMT
71 http request GET https://registry.npmjs.org/cookie
72 http 304 https://registry.npmjs.org/cookie
73 verbose headers { date: 'Thu, 18 Jan 2018 14:53:46 GMT',
73 verbose headers   via: '1.1 varnish',
73 verbose headers   'cache-control': 'max-age=300',
73 verbose headers   etag: '"5a553905-81ae"',
73 verbose headers   age: '3449',
73 verbose headers   connection: 'keep-alive',
73 verbose headers   'x-served-by': 'cache-hnd18731-HND',
73 verbose headers   'x-cache': 'HIT',
73 verbose headers   'x-cache-hits': '12',
73 verbose headers   'x-timer': 'S1516287226.417508,VS0,VE0',
73 verbose headers   vary: 'Accept-Encoding, Accept' }
74 silly get cb [ 304,
74 silly get   { date: 'Thu, 18 Jan 2018 14:53:46 GMT',
74 silly get     via: '1.1 varnish',
74 silly get     'cache-control': 'max-age=300',
74 silly get     etag: '"5a553905-81ae"',
74 silly get     age: '3449',
74 silly get     connection: 'keep-alive',
74 silly get     'x-served-by': 'cache-hnd18731-HND',
74 silly get     'x-cache': 'HIT',
74 silly get     'x-cache-hits': '12',
74 silly get     'x-timer': 'S1516287226.417508,VS0,VE0',
74 silly get     vary: 'Accept-Encoding, Accept' } ]
75 verbose etag https://registry.npmjs.org/cookie from cache
76 verbose get saving cookie to /Volumes/Transcend/enforceway/npm_cache/registry.npmjs.org/cookie/.cache.json
77 verbose correctMkdir /Volumes/Transcend/enforceway/npm_cache correctMkdir not in flight; initializing
78 silly resolveWithNewModule cookie@0.1.2 checking installable status
79 silly cache add args [ 'cookie@0.1.2', null ]
80 verbose cache add spec cookie@0.1.2
81 silly cache add parsed spec Result {
81 silly cache add   raw: 'cookie@0.1.2',
81 silly cache add   scope: null,
81 silly cache add   escapedName: 'cookie',
81 silly cache add   name: 'cookie',
81 silly cache add   rawSpec: '0.1.2',
81 silly cache add   spec: '0.1.2',
81 silly cache add   type: 'version' }
82 silly addNamed cookie@0.1.2
83 verbose addNamed "0.1.2" is a plain semver version for cookie
84 silly mapToRegistry name cookie
85 silly mapToRegistry using default registry
86 silly mapToRegistry registry https://registry.npmjs.org/
87 silly mapToRegistry data Result {
87 silly mapToRegistry   raw: 'cookie',
87 silly mapToRegistry   scope: null,
87 silly mapToRegistry   escapedName: 'cookie',
87 silly mapToRegistry   name: 'cookie',
87 silly mapToRegistry   rawSpec: '',
87 silly mapToRegistry   spec: 'latest',
87 silly mapToRegistry   type: 'tag' }
88 silly mapToRegistry uri https://registry.npmjs.org/cookie
89 verbose addNameVersion registry:https://registry.npmjs.org/cookie not in flight; fetching
90 verbose get https://registry.npmjs.org/cookie not expired, no request
91 silly cache afterAdd cookie@0.1.2
92 verbose afterAdd /Volumes/Transcend/enforceway/npm_cache/cookie/0.1.2/package/package.json not in flight; writing
93 verbose correctMkdir /Volumes/Transcend/enforceway/npm_cache correctMkdir not in flight; initializing
94 verbose afterAdd /Volumes/Transcend/enforceway/npm_cache/cookie/0.1.2/package/package.json written
95 silly loadAllDepsIntoIdealTree Finishing
96 silly loadIdealTree Finishing
97 silly currentTree myapiapp@0.0.0
97 silly currentTree ├── accepts@1.3.4
97 silly currentTree ├── acorn-globals@1.0.9
97 silly currentTree ├── acorn@2.7.0
97 silly currentTree ├── ajv@5.5.2
97 silly currentTree ├── align-text@0.1.4
97 silly currentTree ├── amdefine@1.0.1
97 silly currentTree ├── ansicolors@0.2.1
97 silly currentTree ├── array-flatten@1.1.1
97 silly currentTree ├── asap@1.0.0
97 silly currentTree ├── asn1@0.2.3
97 silly currentTree ├── assert-plus@1.0.0
97 silly currentTree ├── asynckit@0.4.0
97 silly currentTree ├── aws-sign2@0.7.0
97 silly currentTree ├── aws4@1.6.0
97 silly currentTree ├── basic-auth@2.0.0
97 silly currentTree ├── bcrypt-pbkdf@1.0.1
97 silly currentTree ├── bignumber.js@4.0.4
97 silly currentTree ├── body-parser@1.18.2
97 silly currentTree ├── boom@4.3.1
97 silly currentTree ├── bytes@3.0.0
97 silly currentTree ├── camelcase@1.2.1
97 silly currentTree ├── cardinal@1.0.0
97 silly currentTree ├── caseless@0.12.0
97 silly currentTree ├── center-align@0.1.3
97 silly currentTree ├── character-parser@1.2.1
97 silly currentTree ├─┬ clean-css@3.4.28
97 silly currentTree │ └── commander@2.8.1
97 silly currentTree ├─┬ cliui@2.1.0
97 silly currentTree │ └── wordwrap@0.0.2
97 silly currentTree ├── co@4.6.0
97 silly currentTree ├── combined-stream@1.0.5
97 silly currentTree ├── commander@2.6.0
97 silly currentTree ├── constantinople@3.0.2
97 silly currentTree ├── content-disposition@0.5.2
97 silly currentTree ├── content-type@1.0.4
97 silly currentTree ├── cookie-parser@1.4.3
97 silly currentTree ├── cookie-session@1.3.2
97 silly currentTree ├── cookie-signature@1.0.6
97 silly currentTree ├── cookie@0.3.1
97 silly currentTree ├── cookies@0.7.1
97 silly currentTree ├── core-util-is@1.0.2
97 silly currentTree ├── crc@3.4.4
97 silly currentTree ├─┬ cryptiles@3.1.2
97 silly currentTree │ └── boom@5.2.0
97 silly currentTree ├── css-parse@1.0.4
97 silly currentTree ├── css-stringify@1.0.5
97 silly currentTree ├── css@1.0.8
97 silly currentTree ├── dashdash@1.14.1
97 silly currentTree ├── debug@2.6.9
97 silly currentTree ├── decamelize@1.2.0
97 silly currentTree ├── delayed-stream@1.0.0
97 silly currentTree ├── denque@1.2.2
97 silly currentTree ├── depd@1.1.2
97 silly currentTree ├── destroy@1.0.4
97 silly currentTree ├── diff@1.0.8
97 silly currentTree ├── ecc-jsbn@0.1.1
97 silly currentTree ├── ee-first@1.1.1
97 silly currentTree ├── encodeurl@1.0.1
97 silly currentTree ├── escape-html@1.0.3
97 silly currentTree ├── esprima@3.0.0
97 silly currentTree ├── etag@1.8.1
97 silly currentTree ├─┬ express-session@1.15.0
97 silly currentTree │ ├── debug@2.6.0
97 silly currentTree │ └── ms@0.7.2
97 silly currentTree ├─┬ express@4.15.5
97 silly currentTree │ ├── qs@6.5.0
97 silly currentTree │ └── statuses@1.3.1
97 silly currentTree ├── extend@3.0.1
97 silly currentTree ├── extsprintf@1.3.0
97 silly currentTree ├── eyes@0.1.8
97 silly currentTree ├── fast-deep-equal@1.0.0
97 silly currentTree ├── fast-json-stable-stringify@2.0.0
97 silly currentTree ├─┬ finalhandler@1.0.6
97 silly currentTree │ └── statuses@1.3.1
97 silly currentTree ├── forever-agent@0.6.1
97 silly currentTree ├── form-data@2.3.1
97 silly currentTree ├── forwarded@0.1.2
97 silly currentTree ├── fresh@0.5.2
97 silly currentTree ├── generate-function@2.0.0
97 silly currentTree ├── getpass@0.1.7
97 silly currentTree ├── glob@4.0.6
97 silly currentTree ├── graceful-fs@3.0.11
97 silly currentTree ├── graceful-readlink@1.0.1
97 silly currentTree ├── har-schema@2.0.0
97 silly currentTree ├── har-validator@5.0.3
97 silly currentTree ├── hawk@6.0.2
97 silly currentTree ├── hoek@4.2.0
97 silly currentTree ├─┬ http-errors@1.6.2
97 silly currentTree │ └── depd@1.1.1
97 silly currentTree ├── http-signature@1.2.0
97 silly currentTree ├── iconv-lite@0.4.19
97 silly currentTree ├── inherits@2.0.3
97 silly currentTree ├── ipaddr.js@1.4.0
97 silly currentTree ├── is-buffer@1.1.6
97 silly currentTree ├── is-promise@2.1.0
97 silly currentTree ├── is-typedarray@1.0.0
97 silly currentTree ├── isarray@1.0.0
97 silly currentTree ├── isstream@0.1.2
97 silly currentTree ├── jade@1.11.0
97 silly currentTree ├── jsbn@0.1.1
97 silly currentTree ├── json-schema-traverse@0.3.1
97 silly currentTree ├── json-schema@0.2.3
97 silly currentTree ├── json-stringify-safe@5.0.1
97 silly currentTree ├── jsprim@1.4.1
97 silly currentTree ├── jstransformer@0.0.2
97 silly currentTree ├── keygrip@1.0.2
97 silly currentTree ├── kind-of@3.2.2
97 silly currentTree ├── lazy-cache@1.0.4
97 silly currentTree ├── long@3.2.0
97 silly currentTree ├── longest@1.0.1
97 silly currentTree ├── lru-cache@4.1.1
97 silly currentTree ├── media-typer@0.3.0
97 silly currentTree ├── merge-descriptors@1.0.1
97 silly currentTree ├── methods@1.1.2
97 silly currentTree ├── mime-db@1.30.0
97 silly currentTree ├── mime-types@2.1.17
97 silly currentTree ├── mime@1.3.4
97 silly currentTree ├─┬ minimatch@1.0.0
97 silly currentTree │ └── lru-cache@2.7.3
97 silly currentTree ├── minimist@0.0.8
97 silly currentTree ├── mkdirp@0.5.1
97 silly currentTree ├── morgan@1.9.0
97 silly currentTree ├── ms@2.0.0
97 silly currentTree ├── mysql@2.15.0
97 silly currentTree ├─┬ mysql2@1.5.1
97 silly currentTree │ └── readable-stream@2.3.2
97 silly currentTree ├─┬ named-placeholders@1.1.1
97 silly currentTree │ └── lru-cache@2.5.0
97 silly currentTree ├── natives@1.1.1
97 silly currentTree ├── negotiator@0.6.1
97 silly currentTree ├── oauth-sign@0.8.2
97 silly currentTree ├── object-assign@4.1.1
97 silly currentTree ├── on-finished@2.3.0
97 silly currentTree ├── on-headers@1.0.1
97 silly currentTree ├── once@1.4.0
97 silly currentTree ├── optimist@0.3.7
97 silly currentTree ├── parseurl@1.3.2
97 silly currentTree ├── path-to-regexp@0.1.7
97 silly currentTree ├── performance-now@2.1.0
97 silly currentTree ├── process-nextick-args@1.0.7
97 silly currentTree ├── promise@6.1.0
97 silly currentTree ├── proxy-addr@1.1.5
97 silly currentTree ├── pseudomap@1.0.2
97 silly currentTree ├── punycode@1.4.1
97 silly currentTree ├── qs@6.5.1
97 silly currentTree ├── random-bytes@1.0.0
97 silly currentTree ├── range-parser@1.2.0
97 silly currentTree ├── raw-body@2.3.2
97 silly currentTree ├── readable-stream@2.3.3
97 silly currentTree ├── redeyed@1.0.1
97 silly currentTree ├── repeat-string@1.6.1
97 silly currentTree ├── request@2.83.0
97 silly currentTree ├── right-align@0.1.3
97 silly currentTree ├── safe-buffer@5.1.1
97 silly currentTree ├─┬ send@0.15.6
97 silly currentTree │ └── statuses@1.3.1
97 silly currentTree ├── seq-queue@0.0.5
97 silly currentTree ├── serve-favicon@2.4.5
97 silly currentTree ├── serve-static@1.12.6
97 silly currentTree ├── session@0.1.0
97 silly currentTree ├── setprototypeof@1.0.3
97 silly currentTree ├── sigmund@1.0.1
97 silly currentTree ├── sntp@2.1.0
97 silly currentTree ├── source-map@0.4.4
97 silly currentTree ├── sqlstring@2.3.0
97 silly currentTree ├── sshpk@1.13.1
97 silly currentTree ├── statuses@1.4.0
97 silly currentTree ├── string_decoder@1.0.3
97 silly currentTree ├── stringstream@0.0.5
97 silly currentTree ├── tough-cookie@2.3.3
97 silly currentTree ├─┬ transformers@2.1.0
97 silly currentTree │ ├── is-promise@1.0.1
97 silly currentTree │ ├── promise@2.0.0
97 silly currentTree │ ├── source-map@0.1.43
97 silly currentTree │ └── uglify-js@2.2.5
97 silly currentTree ├── tunnel-agent@0.6.0
97 silly currentTree ├── tweetnacl@0.14.5
97 silly currentTree ├── type-is@1.6.15
97 silly currentTree ├─┬ uglify-js@2.8.29
97 silly currentTree │ └── source-map@0.5.7
97 silly currentTree ├── uglify-to-browserify@1.0.2
97 silly currentTree ├── uid-safe@2.1.5
97 silly currentTree ├── unpipe@1.0.0
97 silly currentTree ├── util-deprecate@1.0.2
97 silly currentTree ├── utils-merge@1.0.0
97 silly currentTree ├── uuid@3.1.0
97 silly currentTree ├── vary@1.1.2
97 silly currentTree ├── verror@1.10.0
97 silly currentTree ├── void-elements@2.0.1
97 silly currentTree ├── vows@0.8.1
97 silly currentTree ├── window-size@0.1.0
97 silly currentTree ├─┬ with@4.0.3
97 silly currentTree │ └── acorn@1.2.2
97 silly currentTree ├── wordwrap@0.0.3
97 silly currentTree ├── wrappy@1.0.2
97 silly currentTree ├── yallist@2.1.2
97 silly currentTree └── yargs@3.10.0
98 silly idealTree myapiapp@0.0.0
98 silly idealTree ├── accepts@1.3.4
98 silly idealTree ├── acorn-globals@1.0.9
98 silly idealTree ├── acorn@2.7.0
98 silly idealTree ├── ajv@5.5.2
98 silly idealTree ├── align-text@0.1.4
98 silly idealTree ├── amdefine@1.0.1
98 silly idealTree ├── ansicolors@0.2.1
98 silly idealTree ├── array-flatten@1.1.1
98 silly idealTree ├── asap@1.0.0
98 silly idealTree ├── asn1@0.2.3
98 silly idealTree ├── assert-plus@1.0.0
98 silly idealTree ├── asynckit@0.4.0
98 silly idealTree ├── aws-sign2@0.7.0
98 silly idealTree ├── aws4@1.6.0
98 silly idealTree ├── basic-auth@2.0.0
98 silly idealTree ├── bcrypt-pbkdf@1.0.1
98 silly idealTree ├── bignumber.js@4.0.4
98 silly idealTree ├── body-parser@1.18.2
98 silly idealTree ├── boom@4.3.1
98 silly idealTree ├── bytes@3.0.0
98 silly idealTree ├── camelcase@1.2.1
98 silly idealTree ├── cardinal@1.0.0
98 silly idealTree ├── caseless@0.12.0
98 silly idealTree ├── center-align@0.1.3
98 silly idealTree ├── character-parser@1.2.1
98 silly idealTree ├─┬ clean-css@3.4.28
98 silly idealTree │ └── commander@2.8.1
98 silly idealTree ├─┬ client-session@0.1.7
98 silly idealTree │ └── cookie@0.1.2
98 silly idealTree ├─┬ cliui@2.1.0
98 silly idealTree │ └── wordwrap@0.0.2
98 silly idealTree ├── co@4.6.0
98 silly idealTree ├── combined-stream@1.0.5
98 silly idealTree ├── commander@2.6.0
98 silly idealTree ├── constantinople@3.0.2
98 silly idealTree ├── content-disposition@0.5.2
98 silly idealTree ├── content-type@1.0.4
98 silly idealTree ├── cookie-parser@1.4.3
98 silly idealTree ├── cookie-session@1.3.2
98 silly idealTree ├── cookie-signature@1.0.6
98 silly idealTree ├── cookie@0.3.1
98 silly idealTree ├── cookies@0.7.1
98 silly idealTree ├── core-util-is@1.0.2
98 silly idealTree ├── crc@3.4.4
98 silly idealTree ├─┬ cryptiles@3.1.2
98 silly idealTree │ └── boom@5.2.0
98 silly idealTree ├── css-parse@1.0.4
98 silly idealTree ├── css-stringify@1.0.5
98 silly idealTree ├── css@1.0.8
98 silly idealTree ├── dashdash@1.14.1
98 silly idealTree ├── debug@2.6.9
98 silly idealTree ├── decamelize@1.2.0
98 silly idealTree ├── delayed-stream@1.0.0
98 silly idealTree ├── denque@1.2.2
98 silly idealTree ├── depd@1.1.2
98 silly idealTree ├── destroy@1.0.4
98 silly idealTree ├── diff@1.0.8
98 silly idealTree ├── ecc-jsbn@0.1.1
98 silly idealTree ├── ee-first@1.1.1
98 silly idealTree ├── encodeurl@1.0.1
98 silly idealTree ├── escape-html@1.0.3
98 silly idealTree ├── esprima@3.0.0
98 silly idealTree ├── etag@1.8.1
98 silly idealTree ├─┬ express-session@1.15.0
98 silly idealTree │ ├── debug@2.6.0
98 silly idealTree │ └── ms@0.7.2
98 silly idealTree ├─┬ express@4.15.5
98 silly idealTree │ ├── qs@6.5.0
98 silly idealTree │ └── statuses@1.3.1
98 silly idealTree ├── extend@3.0.1
98 silly idealTree ├── extsprintf@1.3.0
98 silly idealTree ├── eyes@0.1.8
98 silly idealTree ├── fast-deep-equal@1.0.0
98 silly idealTree ├── fast-json-stable-stringify@2.0.0
98 silly idealTree ├─┬ finalhandler@1.0.6
98 silly idealTree │ └── statuses@1.3.1
98 silly idealTree ├── forever-agent@0.6.1
98 silly idealTree ├── form-data@2.3.1
98 silly idealTree ├── forwarded@0.1.2
98 silly idealTree ├── fresh@0.5.2
98 silly idealTree ├── generate-function@2.0.0
98 silly idealTree ├── getpass@0.1.7
98 silly idealTree ├── glob@4.0.6
98 silly idealTree ├── graceful-fs@3.0.11
98 silly idealTree ├── graceful-readlink@1.0.1
98 silly idealTree ├── har-schema@2.0.0
98 silly idealTree ├── har-validator@5.0.3
98 silly idealTree ├── hawk@6.0.2
98 silly idealTree ├── hoek@4.2.0
98 silly idealTree ├─┬ http-errors@1.6.2
98 silly idealTree │ └── depd@1.1.1
98 silly idealTree ├── http-signature@1.2.0
98 silly idealTree ├── iconv-lite@0.4.19
98 silly idealTree ├── inherits@2.0.3
98 silly idealTree ├── ipaddr.js@1.4.0
98 silly idealTree ├── is-buffer@1.1.6
98 silly idealTree ├── is-promise@2.1.0
98 silly idealTree ├── is-typedarray@1.0.0
98 silly idealTree ├── isarray@1.0.0
98 silly idealTree ├── isstream@0.1.2
98 silly idealTree ├── jade@1.11.0
98 silly idealTree ├── jsbn@0.1.1
98 silly idealTree ├── json-schema-traverse@0.3.1
98 silly idealTree ├── json-schema@0.2.3
98 silly idealTree ├── json-stringify-safe@5.0.1
98 silly idealTree ├── jsprim@1.4.1
98 silly idealTree ├── jstransformer@0.0.2
98 silly idealTree ├── keygrip@1.0.2
98 silly idealTree ├── kind-of@3.2.2
98 silly idealTree ├── lazy-cache@1.0.4
98 silly idealTree ├── long@3.2.0
98 silly idealTree ├── longest@1.0.1
98 silly idealTree ├── lru-cache@4.1.1
98 silly idealTree ├── media-typer@0.3.0
98 silly idealTree ├── merge-descriptors@1.0.1
98 silly idealTree ├── methods@1.1.2
98 silly idealTree ├── mime-db@1.30.0
98 silly idealTree ├── mime-types@2.1.17
98 silly idealTree ├── mime@1.3.4
98 silly idealTree ├─┬ minimatch@1.0.0
98 silly idealTree │ └── lru-cache@2.7.3
98 silly idealTree ├── minimist@0.0.8
98 silly idealTree ├── mkdirp@0.5.1
98 silly idealTree ├── morgan@1.9.0
98 silly idealTree ├── ms@2.0.0
98 silly idealTree ├── mysql@2.15.0
98 silly idealTree ├─┬ mysql2@1.5.1
98 silly idealTree │ └── readable-stream@2.3.2
98 silly idealTree ├─┬ named-placeholders@1.1.1
98 silly idealTree │ └── lru-cache@2.5.0
98 silly idealTree ├── natives@1.1.1
98 silly idealTree ├── negotiator@0.6.1
98 silly idealTree ├── oauth-sign@0.8.2
98 silly idealTree ├── object-assign@4.1.1
98 silly idealTree ├── on-finished@2.3.0
98 silly idealTree ├── on-headers@1.0.1
98 silly idealTree ├── once@1.4.0
98 silly idealTree ├── optimist@0.3.7
98 silly idealTree ├── parseurl@1.3.2
98 silly idealTree ├── path-to-regexp@0.1.7
98 silly idealTree ├── performance-now@2.1.0
98 silly idealTree ├── process-nextick-args@1.0.7
98 silly idealTree ├── promise@6.1.0
98 silly idealTree ├── proxy-addr@1.1.5
98 silly idealTree ├── pseudomap@1.0.2
98 silly idealTree ├── punycode@1.4.1
98 silly idealTree ├── qs@6.5.1
98 silly idealTree ├── random-bytes@1.0.0
98 silly idealTree ├── range-parser@1.2.0
98 silly idealTree ├── raw-body@2.3.2
98 silly idealTree ├── readable-stream@2.3.3
98 silly idealTree ├── redeyed@1.0.1
98 silly idealTree ├── repeat-string@1.6.1
98 silly idealTree ├── request@2.83.0
98 silly idealTree ├── right-align@0.1.3
98 silly idealTree ├── safe-buffer@5.1.1
98 silly idealTree ├─┬ send@0.15.6
98 silly idealTree │ └── statuses@1.3.1
98 silly idealTree ├── seq-queue@0.0.5
98 silly idealTree ├── serve-favicon@2.4.5
98 silly idealTree ├── serve-static@1.12.6
98 silly idealTree ├── session@0.1.0
98 silly idealTree ├── setprototypeof@1.0.3
98 silly idealTree ├── sigmund@1.0.1
98 silly idealTree ├── sntp@2.1.0
98 silly idealTree ├── source-map@0.4.4
98 silly idealTree ├── sqlstring@2.3.0
98 silly idealTree ├── sshpk@1.13.1
98 silly idealTree ├── statuses@1.4.0
98 silly idealTree ├── string_decoder@1.0.3
98 silly idealTree ├── stringstream@0.0.5
98 silly idealTree ├── tough-cookie@2.3.3
98 silly idealTree ├─┬ transformers@2.1.0
98 silly idealTree │ ├── is-promise@1.0.1
98 silly idealTree │ ├── promise@2.0.0
98 silly idealTree │ ├── source-map@0.1.43
98 silly idealTree │ └── uglify-js@2.2.5
98 silly idealTree ├── tunnel-agent@0.6.0
98 silly idealTree ├── tweetnacl@0.14.5
98 silly idealTree ├── type-is@1.6.15
98 silly idealTree ├─┬ uglify-js@2.8.29
98 silly idealTree │ └── source-map@0.5.7
98 silly idealTree ├── uglify-to-browserify@1.0.2
98 silly idealTree ├── uid-safe@2.1.5
98 silly idealTree ├── unpipe@1.0.0
98 silly idealTree ├── util-deprecate@1.0.2
98 silly idealTree ├── utils-merge@1.0.0
98 silly idealTree ├── uuid@3.1.0
98 silly idealTree ├── vary@1.1.2
98 silly idealTree ├── verror@1.10.0
98 silly idealTree ├── void-elements@2.0.1
98 silly idealTree ├── vows@0.8.1
98 silly idealTree ├── window-size@0.1.0
98 silly idealTree ├─┬ with@4.0.3
98 silly idealTree │ └── acorn@1.2.2
98 silly idealTree ├── wordwrap@0.0.3
98 silly idealTree ├── wrappy@1.0.2
98 silly idealTree ├── yallist@2.1.2
98 silly idealTree └── yargs@3.10.0
99 silly generateActionsToTake Starting
100 silly install generateActionsToTake
101 silly generateActionsToTake Finishing
102 silly diffTrees action count 2
103 silly diffTrees add cookie@0.1.2
104 silly diffTrees add client-session@0.1.7
105 silly decomposeActions action count 16
106 silly decomposeActions fetch cookie@0.1.2
107 silly decomposeActions extract cookie@0.1.2
108 silly decomposeActions test cookie@0.1.2
109 silly decomposeActions preinstall cookie@0.1.2
110 silly decomposeActions build cookie@0.1.2
111 silly decomposeActions install cookie@0.1.2
112 silly decomposeActions postinstall cookie@0.1.2
113 silly decomposeActions finalize cookie@0.1.2
114 silly decomposeActions fetch client-session@0.1.7
115 silly decomposeActions extract client-session@0.1.7
116 silly decomposeActions test client-session@0.1.7
117 silly decomposeActions preinstall client-session@0.1.7
118 silly decomposeActions build client-session@0.1.7
119 silly decomposeActions install client-session@0.1.7
120 silly decomposeActions postinstall client-session@0.1.7
121 silly decomposeActions finalize client-session@0.1.7
122 silly runTopLevelLifecycles Starting
123 silly executeActions Starting
124 silly install executeActions
125 silly doSerial global-install 0
126 silly doParallel fetch 2
127 verbose correctMkdir /Volumes/Transcend/enforceway/npm_cache/_locks correctMkdir not in flight; initializing
128 verbose lock using /Volumes/Transcend/enforceway/npm_cache/_locks/staging-acf6abfffcec2fb2.lock for /Volumes/Transcend/enforceway/git/node-web-api/node_modules/.staging
129 silly doParallel extract 2
130 silly extract cookie@0.1.2
131 silly extract client-session@0.1.7
132 verbose unbuild node_modules/.staging/cookie-124afd7f
133 verbose unbuild node_modules/.staging/client-session-e66f260b
134 silly gentlyRm /Volumes/Transcend/enforceway/git/node-web-api/node_modules/.staging/cookie-124afd7f is being purged from base /Volumes/Transcend/enforceway/git/node-web-api
135 verbose gentlyRm don't care about contents; nuking /Volumes/Transcend/enforceway/git/node-web-api/node_modules/.staging/cookie-124afd7f
136 silly gentlyRm /Volumes/Transcend/enforceway/git/node-web-api/node_modules/.staging/client-session-e66f260b is being purged from base /Volumes/Transcend/enforceway/git/node-web-api
137 verbose gentlyRm don't care about contents; nuking /Volumes/Transcend/enforceway/git/node-web-api/node_modules/.staging/client-session-e66f260b
138 verbose tar unpack /Volumes/Transcend/enforceway/npm_cache/cookie/0.1.2/package.tgz
139 verbose tar unpacking to /Volumes/Transcend/enforceway/git/node-web-api/node_modules/.staging/cookie-124afd7f
140 silly gentlyRm /Volumes/Transcend/enforceway/git/node-web-api/node_modules/.staging/cookie-124afd7f is being purged
141 verbose gentlyRm don't care about contents; nuking /Volumes/Transcend/enforceway/git/node-web-api/node_modules/.staging/cookie-124afd7f
142 verbose tar unpack /Volumes/Transcend/enforceway/npm_cache/client-session/0.1.7/package.tgz
143 verbose tar unpacking to /Volumes/Transcend/enforceway/git/node-web-api/node_modules/.staging/client-session-e66f260b
144 silly gentlyRm /Volumes/Transcend/enforceway/git/node-web-api/node_modules/.staging/client-session-e66f260b is being purged
145 verbose gentlyRm don't care about contents; nuking /Volumes/Transcend/enforceway/git/node-web-api/node_modules/.staging/client-session-e66f260b
146 silly gunzTarPerm modes [ '755', '644' ]
147 silly gunzTarPerm modes [ '755', '644' ]
148 silly gunzTarPerm extractEntry package.json
149 silly gunzTarPerm extractEntry package.json
150 silly gunzTarPerm modified mode [ 'package.json', 438, 420 ]
151 silly gunzTarPerm extractEntry .npmignore
152 silly gunzTarPerm extractEntry README.md
153 silly gunzTarPerm extractEntry .npmignore
154 silly gunzTarPerm modified mode [ '.npmignore', 438, 420 ]
155 silly gunzTarPerm extractEntry README.md
156 silly gunzTarPerm modified mode [ 'README.md', 438, 420 ]
157 silly gunzTarPerm extractEntry LICENSE
158 silly gunzTarPerm extractEntry index.js
159 silly gunzTarPerm extractEntry index.js
160 silly gunzTarPerm modified mode [ 'index.js', 438, 420 ]
161 silly gunzTarPerm extractEntry binding.gyp
162 silly gunzTarPerm modified mode [ 'binding.gyp', 438, 420 ]
163 silly gunzTarPerm extractEntry example/multi_process_node.js
164 silly gunzTarPerm modified mode [ 'example/multi_process_node.js', 438, 420 ]
165 silly gunzTarPerm extractEntry example/one_process_express.js
166 silly gunzTarPerm modified mode [ 'example/one_process_express.js', 438, 420 ]
167 silly gunzTarPerm extractEntry example/one_process_node.js
168 silly gunzTarPerm modified mode [ 'example/one_process_node.js', 438, 420 ]
169 silly gunzTarPerm extractEntry example/redirect_node.js
170 silly gunzTarPerm modified mode [ 'example/redirect_node.js', 438, 420 ]
171 silly gunzTarPerm extractEntry example/simple.js
172 silly gunzTarPerm modified mode [ 'example/simple.js', 438, 420 ]
173 silly gunzTarPerm extractEntry example/simple_express.js
174 silly gunzTarPerm modified mode [ 'example/simple_express.js', 438, 420 ]
175 silly gunzTarPerm extractEntry example/1.txt
176 silly gunzTarPerm modified mode [ 'example/1.txt', 438, 420 ]
177 silly gunzTarPerm extractEntry .travis.yml
178 silly gunzTarPerm modified mode [ '.travis.yml', 438, 420 ]
179 silly gunzTarPerm extractEntry lib/client_session.js
180 silly gunzTarPerm modified mode [ 'lib/client_session.js', 438, 420 ]
181 silly gentlyRm /Volumes/Transcend/enforceway/git/node-web-api/node_modules/.staging/cookie-124afd7f/node_modules is being purged
182 verbose gentlyRm don't care about contents; nuking /Volumes/Transcend/enforceway/git/node-web-api/node_modules/.staging/cookie-124afd7f/node_modules
183 silly gunzTarPerm extractEntry benchmark/benchmark_clinet_session_express.js
184 silly gunzTarPerm modified mode [ 'benchmark/benchmark_clinet_session_express.js', 438, 420 ]
185 silly gunzTarPerm extractEntry benchmark/benchmark_redis_session_express.js
186 silly gunzTarPerm modified mode [ 'benchmark/benchmark_redis_session_express.js', 438, 420 ]
187 silly gunzTarPerm extractEntry src/base64.cpp
188 silly gunzTarPerm modified mode [ 'src/base64.cpp', 438, 420 ]
189 silly gunzTarPerm extractEntry src/base64.h
190 silly gunzTarPerm modified mode [ 'src/base64.h', 438, 420 ]
191 silly gunzTarPerm extractEntry src/client_session_class.cpp
192 silly gunzTarPerm modified mode [ 'src/client_session_class.cpp', 438, 420 ]
193 silly gunzTarPerm extractEntry src/client_session_class.h
194 silly gunzTarPerm modified mode [ 'src/client_session_class.h', 438, 420 ]
195 silly gunzTarPerm extractEntry src/clientsession.cpp
196 silly gunzTarPerm modified mode [ 'src/clientsession.cpp', 438, 420 ]
197 silly gunzTarPerm extractEntry src/main.cpp
198 silly gunzTarPerm modified mode [ 'src/main.cpp', 438, 420 ]
199 silly gunzTarPerm extractEntry src/md5.cpp
200 silly gunzTarPerm modified mode [ 'src/md5.cpp', 438, 420 ]
201 silly gunzTarPerm extractEntry src/md5.h
202 silly gunzTarPerm modified mode [ 'src/md5.h', 438, 420 ]
203 silly gunzTarPerm extractEntry src/modp_base64/modp_b64.cc
204 silly gunzTarPerm modified mode [ 'src/modp_base64/modp_b64.cc', 438, 420 ]
205 silly gunzTarPerm extractEntry src/modp_base64/modp_b64.h
206 silly gunzTarPerm modified mode [ 'src/modp_base64/modp_b64.h', 438, 420 ]
207 silly gunzTarPerm extractEntry src/modp_base64/modp_b64_data.h
208 silly gunzTarPerm modified mode [ 'src/modp_base64/modp_b64_data.h', 438, 420 ]
209 silly gunzTarPerm extractEntry test/main.js
210 silly gunzTarPerm modified mode [ 'test/main.js', 438, 420 ]
211 silly gunzTarPerm extractEntry vendor.yml
212 silly gunzTarPerm modified mode [ 'vendor.yml', 438, 420 ]
213 silly gentlyRm /Volumes/Transcend/enforceway/git/node-web-api/node_modules/.staging/client-session-e66f260b/node_modules is being purged
214 verbose gentlyRm don't care about contents; nuking /Volumes/Transcend/enforceway/git/node-web-api/node_modules/.staging/client-session-e66f260b/node_modules
215 silly doParallel preinstall 2
216 silly preinstall cookie@0.1.2
217 info lifecycle cookie@0.1.2~preinstall: cookie@0.1.2
218 silly preinstall client-session@0.1.7
219 info lifecycle client-session@0.1.7~preinstall: client-session@0.1.7
220 silly lifecycle cookie@0.1.2~preinstall: no script for preinstall, continuing
221 silly lifecycle client-session@0.1.7~preinstall: no script for preinstall, continuing
222 silly doReverseSerial remove 0
223 silly doSerial move 0
224 silly doSerial finalize 2
225 silly finalize /Volumes/Transcend/enforceway/git/node-web-api/node_modules/client-session/node_modules/cookie
226 silly finalize /Volumes/Transcend/enforceway/git/node-web-api/node_modules/client-session
227 silly doSerial build 2
228 silly build cookie@0.1.2
229 info linkStuff cookie@0.1.2
230 silly linkStuff cookie@0.1.2 has /Volumes/Transcend/enforceway/git/node-web-api/node_modules/client-session/node_modules as its parent node_modules
231 verbose linkBins cookie@0.1.2
232 verbose linkMans cookie@0.1.2
233 silly build client-session@0.1.7
234 info linkStuff client-session@0.1.7
235 silly linkStuff client-session@0.1.7 has /Volumes/Transcend/enforceway/git/node-web-api/node_modules as its parent node_modules
236 verbose linkBins client-session@0.1.7
237 verbose linkMans client-session@0.1.7
238 silly doSerial global-link 0
239 silly doParallel update-linked 0
240 silly doSerial install 2
241 silly install cookie@0.1.2
242 info lifecycle cookie@0.1.2~install: cookie@0.1.2
243 silly lifecycle cookie@0.1.2~install: no script for install, continuing
244 silly install client-session@0.1.7
245 info lifecycle client-session@0.1.7~install: client-session@0.1.7
246 verbose lifecycle client-session@0.1.7~install: unsafe-perm in lifecycle true
247 verbose lifecycle client-session@0.1.7~install: PATH: /usr/local/lib/node_modules/npm/bin/node-gyp-bin:/Volumes/Transcend/enforceway/git/node-web-api/node_modules/client-session/node_modules/.bin:/Volumes/Transcend/enforceway/git/node-web-api/node_modules/.bin:/Library/Frameworks/Python.framework/Versions/3.6/bin:/usr/local/apache-maven-3.5.0/bin:/Volumes/Transcend/enforceway/npm_global/bin:/Volumes/Transcend/Andriod/sdk/tools:/Volumes/Transcend/Andriod/sdk/platform-tools:/Library/Java/JavaVirtualMachines/jdk1.8.0_111.jdk/Contents/Home/bin:/usr/local/bin:/usr/bin:/bin:/usr/sbin:/sbin:/Library/Frameworks/Mono.framework/Versions/Current/Commands:
248 verbose lifecycle client-session@0.1.7~install: CWD: /Volumes/Transcend/enforceway/git/node-web-api/node_modules/client-session
249 silly lifecycle client-session@0.1.7~install: Args: [ '-c', 'node-gyp rebuild' ]
250 silly lifecycle client-session@0.1.7~install: Returned: code: 1  signal: null
251 info lifecycle client-session@0.1.7~install: Failed to exec install script
252 verbose unlock done using /Volumes/Transcend/enforceway/npm_cache/_locks/staging-acf6abfffcec2fb2.lock for /Volumes/Transcend/enforceway/git/node-web-api/node_modules/.staging
253 silly rollbackFailedOptional Starting
254 silly gentlyRm /Volumes/Transcend/enforceway/git/node-web-api/node_modules/client-session/node_modules/cookie is being purged from base /Volumes/Transcend/enforceway/git/node-web-api
255 verbose gentlyRm don't care about contents; nuking /Volumes/Transcend/enforceway/git/node-web-api/node_modules/client-session/node_modules/cookie
256 silly gentlyRm /Volumes/Transcend/enforceway/git/node-web-api/node_modules/client-session/node_modules/cookie is being purged from base /Volumes/Transcend/enforceway/git/node-web-api
257 verbose gentlyRm don't care about contents; nuking /Volumes/Transcend/enforceway/git/node-web-api/node_modules/client-session/node_modules/cookie
258 silly gentlyRm /Volumes/Transcend/enforceway/git/node-web-api/node_modules/client-session/node_modules/cookie is being purged from base /Volumes/Transcend/enforceway/git/node-web-api
259 verbose gentlyRm don't care about contents; nuking /Volumes/Transcend/enforceway/git/node-web-api/node_modules/client-session/node_modules/cookie
260 silly gentlyRm /Volumes/Transcend/enforceway/git/node-web-api/node_modules/client-session/node_modules/cookie is being purged from base /Volumes/Transcend/enforceway/git/node-web-api
261 verbose gentlyRm don't care about contents; nuking /Volumes/Transcend/enforceway/git/node-web-api/node_modules/client-session/node_modules/cookie
262 silly gentlyRm /Volumes/Transcend/enforceway/git/node-web-api/node_modules/client-session/node_modules/cookie is being purged from base /Volumes/Transcend/enforceway/git/node-web-api
263 verbose gentlyRm don't care about contents; nuking /Volumes/Transcend/enforceway/git/node-web-api/node_modules/client-session/node_modules/cookie
264 silly gentlyRm /Volumes/Transcend/enforceway/git/node-web-api/node_modules/client-session/node_modules/cookie is being purged from base /Volumes/Transcend/enforceway/git/node-web-api
265 verbose gentlyRm don't care about contents; nuking /Volumes/Transcend/enforceway/git/node-web-api/node_modules/client-session/node_modules/cookie
266 silly gentlyRm /Volumes/Transcend/enforceway/git/node-web-api/node_modules/client-session/node_modules/cookie is being purged from base /Volumes/Transcend/enforceway/git/node-web-api
267 verbose gentlyRm don't care about contents; nuking /Volumes/Transcend/enforceway/git/node-web-api/node_modules/client-session/node_modules/cookie
268 silly gentlyRm /Volumes/Transcend/enforceway/git/node-web-api/node_modules/client-session/node_modules/cookie is being purged from base /Volumes/Transcend/enforceway/git/node-web-api
269 verbose gentlyRm don't care about contents; nuking /Volumes/Transcend/enforceway/git/node-web-api/node_modules/client-session/node_modules/cookie
270 silly gentlyRm /Volumes/Transcend/enforceway/git/node-web-api/node_modules/client-session is being purged from base /Volumes/Transcend/enforceway/git/node-web-api
271 verbose gentlyRm don't care about contents; nuking /Volumes/Transcend/enforceway/git/node-web-api/node_modules/client-session
272 silly gentlyRm /Volumes/Transcend/enforceway/git/node-web-api/node_modules/client-session is being purged from base /Volumes/Transcend/enforceway/git/node-web-api
273 verbose gentlyRm don't care about contents; nuking /Volumes/Transcend/enforceway/git/node-web-api/node_modules/client-session
274 silly gentlyRm /Volumes/Transcend/enforceway/git/node-web-api/node_modules/client-session is being purged from base /Volumes/Transcend/enforceway/git/node-web-api
275 verbose gentlyRm don't care about contents; nuking /Volumes/Transcend/enforceway/git/node-web-api/node_modules/client-session
276 silly gentlyRm /Volumes/Transcend/enforceway/git/node-web-api/node_modules/client-session is being purged from base /Volumes/Transcend/enforceway/git/node-web-api
277 verbose gentlyRm don't care about contents; nuking /Volumes/Transcend/enforceway/git/node-web-api/node_modules/client-session
278 silly gentlyRm /Volumes/Transcend/enforceway/git/node-web-api/node_modules/client-session is being purged from base /Volumes/Transcend/enforceway/git/node-web-api
279 verbose gentlyRm don't care about contents; nuking /Volumes/Transcend/enforceway/git/node-web-api/node_modules/client-session
280 silly gentlyRm /Volumes/Transcend/enforceway/git/node-web-api/node_modules/client-session is being purged from base /Volumes/Transcend/enforceway/git/node-web-api
281 verbose gentlyRm don't care about contents; nuking /Volumes/Transcend/enforceway/git/node-web-api/node_modules/client-session
282 silly gentlyRm /Volumes/Transcend/enforceway/git/node-web-api/node_modules/client-session is being purged from base /Volumes/Transcend/enforceway/git/node-web-api
283 verbose gentlyRm don't care about contents; nuking /Volumes/Transcend/enforceway/git/node-web-api/node_modules/client-session
284 silly gentlyRm /Volumes/Transcend/enforceway/git/node-web-api/node_modules/client-session is being purged from base /Volumes/Transcend/enforceway/git/node-web-api
285 verbose gentlyRm don't care about contents; nuking /Volumes/Transcend/enforceway/git/node-web-api/node_modules/client-session
286 silly vacuum-fs purging /Volumes/Transcend/enforceway/git/node-web-api/node_modules/client-session/node_modules/cookie
287 silly vacuum-fs purging /Volumes/Transcend/enforceway/git/node-web-api/node_modules/client-session/node_modules/cookie
288 silly vacuum-fs purging /Volumes/Transcend/enforceway/git/node-web-api/node_modules/client-session/node_modules/cookie
289 silly vacuum-fs purging /Volumes/Transcend/enforceway/git/node-web-api/node_modules/client-session/node_modules/cookie
290 silly vacuum-fs purging /Volumes/Transcend/enforceway/git/node-web-api/node_modules/client-session/node_modules/cookie
291 silly vacuum-fs purging /Volumes/Transcend/enforceway/git/node-web-api/node_modules/client-session/node_modules/cookie
292 silly vacuum-fs purging /Volumes/Transcend/enforceway/git/node-web-api/node_modules/client-session/node_modules/cookie
293 silly vacuum-fs purging /Volumes/Transcend/enforceway/git/node-web-api/node_modules/client-session/node_modules/cookie
294 silly vacuum-fs purging /Volumes/Transcend/enforceway/git/node-web-api/node_modules/client-session
295 silly vacuum-fs purging /Volumes/Transcend/enforceway/git/node-web-api/node_modules/client-session
296 silly vacuum-fs purging /Volumes/Transcend/enforceway/git/node-web-api/node_modules/client-session
297 silly vacuum-fs purging /Volumes/Transcend/enforceway/git/node-web-api/node_modules/client-session
298 silly vacuum-fs purging /Volumes/Transcend/enforceway/git/node-web-api/node_modules/client-session
299 silly vacuum-fs purging /Volumes/Transcend/enforceway/git/node-web-api/node_modules/client-session
300 silly vacuum-fs purging /Volumes/Transcend/enforceway/git/node-web-api/node_modules/client-session
301 silly vacuum-fs purging /Volumes/Transcend/enforceway/git/node-web-api/node_modules/client-session
302 silly vacuum-fs removing /Volumes/Transcend/enforceway/git/node-web-api/node_modules/client-session/node_modules
303 silly vacuum-fs removing /Volumes/Transcend/enforceway/git/node-web-api/node_modules/client-session/node_modules
304 silly vacuum-fs removing /Volumes/Transcend/enforceway/git/node-web-api/node_modules/client-session/node_modules
305 silly vacuum-fs removing /Volumes/Transcend/enforceway/git/node-web-api/node_modules/client-session/node_modules
306 silly vacuum-fs removing /Volumes/Transcend/enforceway/git/node-web-api/node_modules/client-session/node_modules
307 silly vacuum-fs removing /Volumes/Transcend/enforceway/git/node-web-api/node_modules/client-session/node_modules
308 silly vacuum-fs removing /Volumes/Transcend/enforceway/git/node-web-api/node_modules/client-session/node_modules
309 silly vacuum-fs removing /Volumes/Transcend/enforceway/git/node-web-api/node_modules/client-session/node_modules
310 silly vacuum-fs quitting because other entries in /Volumes/Transcend/enforceway/git/node-web-api/node_modules
311 silly vacuum-fs quitting because other entries in /Volumes/Transcend/enforceway/git/node-web-api/node_modules
312 silly vacuum-fs quitting because other entries in /Volumes/Transcend/enforceway/git/node-web-api/node_modules
313 silly vacuum-fs quitting because other entries in /Volumes/Transcend/enforceway/git/node-web-api/node_modules
314 silly vacuum-fs quitting because other entries in /Volumes/Transcend/enforceway/git/node-web-api/node_modules
315 silly vacuum-fs quitting because other entries in /Volumes/Transcend/enforceway/git/node-web-api/node_modules
316 silly vacuum-fs quitting because other entries in /Volumes/Transcend/enforceway/git/node-web-api/node_modules
317 silly vacuum-fs quitting because other entries in /Volumes/Transcend/enforceway/git/node-web-api/node_modules
318 silly rollbackFailedOptional Finishing
319 silly runTopLevelLifecycles Finishing
320 silly install printInstalled
321 verbose stack Error: client-session@0.1.7 install: `node-gyp rebuild`
321 verbose stack Exit status 1
321 verbose stack     at EventEmitter.<anonymous> (/usr/local/lib/node_modules/npm/lib/utils/lifecycle.js:279:16)
321 verbose stack     at emitTwo (events.js:106:13)
321 verbose stack     at EventEmitter.emit (events.js:191:7)
321 verbose stack     at ChildProcess.<anonymous> (/usr/local/lib/node_modules/npm/lib/utils/spawn.js:40:14)
321 verbose stack     at emitTwo (events.js:106:13)
321 verbose stack     at ChildProcess.emit (events.js:191:7)
321 verbose stack     at maybeClose (internal/child_process.js:885:16)
321 verbose stack     at Process.ChildProcess._handle.onexit (internal/child_process.js:226:5)
322 verbose pkgid client-session@0.1.7
323 verbose cwd /Volumes/Transcend/enforceway/git/node-web-api
324 error Darwin 16.7.0
325 error argv "/usr/local/bin/node" "/usr/local/bin/npm" "install" "client-session"
326 error node v7.4.0
327 error npm  v4.0.5
328 error code ELIFECYCLE
329 error client-session@0.1.7 install: `node-gyp rebuild`
329 error Exit status 1
330 error Failed at the client-session@0.1.7 install script 'node-gyp rebuild'.
330 error Make sure you have the latest version of node.js and npm installed.
330 error If you do, this is most likely a problem with the client-session package,
330 error not with npm itself.
330 error Tell the author that this fails on your system:
330 error     node-gyp rebuild
330 error You can get information on how to open an issue for this project with:
330 error     npm bugs client-session
330 error Or if that isn't available, you can get their info via:
330 error     npm owner ls client-session
330 error There is likely additional logging output above.
331 verbose exit [ 1, true ]
